<?xml version="1.0" encoding="UTF-8"?>
<!-- Generated by org.testng.reporters.JUnitReportReporter -->
<testsuite hostname="XE-GGN-IT-03530" failures="0" tests="1" name="project1.Bhanu" time="0.008" errors="0" timestamp="10 Jun 2021 16:04:48 GMT">
  <testcase classname="project1.Bhanu" name="login" time="0.008"/>
</testsuite>
